<?xml version="1.0" encoding="UTF-8"?>
<testsuite xmlns:xsi="http://www.w3.org/2001/XMLSchema-instance" xsi:noNamespaceSchemaLocation="https://maven.apache.org/surefire/maven-surefire-plugin/xsd/surefire-test-report-3.0.xsd" version="3.0" name="com.kollu.order.OrderMsApplicationTests" time="6.741" tests="1" errors="0" skipped="0" failures="0">
  <properties>
    <property name="java.specification.version" value="17"/>
    <property name="sun.cpu.isalist" value="amd64"/>
    <property name="sun.jnu.encoding" value="Cp1252"/>
    <property name="java.class.path" value="C:\Users\bhard\kollu\workspace\testws1\order-ms\target\test-classes;C:\Users\bhard\kollu\workspace\testws1\order-ms\target\classes;C:\Users\bhard\.m2\repository\org\springframework\boot\spring-boot-starter-data-jpa\3.1.10\spring-boot-starter-data-jpa-3.1.10.jar;C:\Users\bhard\.m2\repository\org\springframework\boot\spring-boot-starter-aop\3.1.10\spring-boot-starter-aop-3.1.10.jar;C:\Users\bhard\.m2\repository\org\springframework\spring-aop\6.0.18\spring-aop-6.0.18.jar;C:\Users\bhard\.m2\repository\org\aspectj\aspectjweaver\1.9.21\aspectjweaver-1.9.21.jar;C:\Users\bhard\.m2\repository\org\springframework\boot\spring-boot-starter-jdbc\3.1.10\spring-boot-starter-jdbc-3.1.10.jar;C:\Users\bhard\.m2\repository\com\zaxxer\HikariCP\5.0.1\HikariCP-5.0.1.jar;C:\Users\bhard\.m2\repository\org\springframework\spring-jdbc\6.0.18\spring-jdbc-6.0.18.jar;C:\Users\bhard\.m2\repository\org\hibernate\orm\hibernate-core\6.2.22.Final\hibernate-core-6.2.22.Final.jar;C:\Users\bhard\.m2\repository\jakarta\persistence\jakarta.persistence-api\3.1.0\jakarta.persistence-api-3.1.0.jar;C:\Users\bhard\.m2\repository\jakarta\transaction\jakarta.transaction-api\2.0.1\jakarta.transaction-api-2.0.1.jar;C:\Users\bhard\.m2\repository\org\jboss\logging\jboss-logging\3.5.3.Final\jboss-logging-3.5.3.Final.jar;C:\Users\bhard\.m2\repository\org\hibernate\common\hibernate-commons-annotations\6.0.6.Final\hibernate-commons-annotations-6.0.6.Final.jar;C:\Users\bhard\.m2\repository\io\smallrye\jandex\3.0.5\jandex-3.0.5.jar;C:\Users\bhard\.m2\repository\com\fasterxml\classmate\1.5.1\classmate-1.5.1.jar;C:\Users\bhard\.m2\repository\net\bytebuddy\byte-buddy\1.14.12\byte-buddy-1.14.12.jar;C:\Users\bhard\.m2\repository\org\glassfish\jaxb\jaxb-runtime\4.0.5\jaxb-runtime-4.0.5.jar;C:\Users\bhard\.m2\repository\org\glassfish\jaxb\jaxb-core\4.0.5\jaxb-core-4.0.5.jar;C:\Users\bhard\.m2\repository\org\eclipse\angus\angus-activation\2.0.2\angus-activation-2.0.2.jar;C:\Users\bhard\.m2\repository\org\glassfish\jaxb\txw2\4.0.5\txw2-4.0.5.jar;C:\Users\bhard\.m2\repository\com\sun\istack\istack-commons-runtime\4.1.2\istack-commons-runtime-4.1.2.jar;C:\Users\bhard\.m2\repository\jakarta\inject\jakarta.inject-api\2.0.1\jakarta.inject-api-2.0.1.jar;C:\Users\bhard\.m2\repository\org\antlr\antlr4-runtime\4.10.1\antlr4-runtime-4.10.1.jar;C:\Users\bhard\.m2\repository\org\springframework\data\spring-data-jpa\3.1.10\spring-data-jpa-3.1.10.jar;C:\Users\bhard\.m2\repository\org\springframework\data\spring-data-commons\3.1.10\spring-data-commons-3.1.10.jar;C:\Users\bhard\.m2\repository\org\springframework\spring-orm\6.0.18\spring-orm-6.0.18.jar;C:\Users\bhard\.m2\repository\org\springframework\spring-beans\6.0.18\spring-beans-6.0.18.jar;C:\Users\bhard\.m2\repository\jakarta\annotation\jakarta.annotation-api\2.1.1\jakarta.annotation-api-2.1.1.jar;C:\Users\bhard\.m2\repository\org\slf4j\slf4j-api\2.0.12\slf4j-api-2.0.12.jar;C:\Users\bhard\.m2\repository\org\springframework\spring-aspects\6.0.18\spring-aspects-6.0.18.jar;C:\Users\bhard\.m2\repository\com\oracle\database\jdbc\ojdbc8\21.9.0.0\ojdbc8-21.9.0.0.jar;C:\Users\bhard\.m2\repository\org\springframework\boot\spring-boot-starter-web\3.1.10\spring-boot-starter-web-3.1.10.jar;C:\Users\bhard\.m2\repository\org\springframework\boot\spring-boot-starter\3.1.10\spring-boot-starter-3.1.10.jar;C:\Users\bhard\.m2\repository\org\springframework\boot\spring-boot-starter-logging\3.1.10\spring-boot-starter-logging-3.1.10.jar;C:\Users\bhard\.m2\repository\ch\qos\logback\logback-classic\1.4.14\logback-classic-1.4.14.jar;C:\Users\bhard\.m2\repository\ch\qos\logback\logback-core\1.4.14\logback-core-1.4.14.jar;C:\Users\bhard\.m2\repository\org\apache\logging\log4j\log4j-to-slf4j\2.20.0\log4j-to-slf4j-2.20.0.jar;C:\Users\bhard\.m2\repository\org\apache\logging\log4j\log4j-api\2.20.0\log4j-api-2.20.0.jar;C:\Users\bhard\.m2\repository\org\slf4j\jul-to-slf4j\2.0.12\jul-to-slf4j-2.0.12.jar;C:\Users\bhard\.m2\repository\org\yaml\snakeyaml\1.33\snakeyaml-1.33.jar;C:\Users\bhard\.m2\repository\org\springframework\boot\spring-boot-starter-json\3.1.10\spring-boot-starter-json-3.1.10.jar;C:\Users\bhard\.m2\repository\com\fasterxml\jackson\core\jackson-databind\2.15.4\jackson-databind-2.15.4.jar;C:\Users\bhard\.m2\repository\com\fasterxml\jackson\core\jackson-annotations\2.15.4\jackson-annotations-2.15.4.jar;C:\Users\bhard\.m2\repository\com\fasterxml\jackson\core\jackson-core\2.15.4\jackson-core-2.15.4.jar;C:\Users\bhard\.m2\repository\com\fasterxml\jackson\datatype\jackson-datatype-jdk8\2.15.4\jackson-datatype-jdk8-2.15.4.jar;C:\Users\bhard\.m2\repository\com\fasterxml\jackson\datatype\jackson-datatype-jsr310\2.15.4\jackson-datatype-jsr310-2.15.4.jar;C:\Users\bhard\.m2\repository\com\fasterxml\jackson\module\jackson-module-parameter-names\2.15.4\jackson-module-parameter-names-2.15.4.jar;C:\Users\bhard\.m2\repository\org\springframework\boot\spring-boot-starter-tomcat\3.1.10\spring-boot-starter-tomcat-3.1.10.jar;C:\Users\bhard\.m2\repository\org\apache\tomcat\embed\tomcat-embed-core\10.1.19\tomcat-embed-core-10.1.19.jar;C:\Users\bhard\.m2\repository\org\apache\tomcat\embed\tomcat-embed-el\10.1.19\tomcat-embed-el-10.1.19.jar;C:\Users\bhard\.m2\repository\org\apache\tomcat\embed\tomcat-embed-websocket\10.1.19\tomcat-embed-websocket-10.1.19.jar;C:\Users\bhard\.m2\repository\org\springframework\spring-web\6.0.18\spring-web-6.0.18.jar;C:\Users\bhard\.m2\repository\org\springframework\spring-webmvc\6.0.18\spring-webmvc-6.0.18.jar;C:\Users\bhard\.m2\repository\org\springframework\spring-expression\6.0.18\spring-expression-6.0.18.jar;C:\Users\bhard\.m2\repository\org\springframework\kafka\spring-kafka\3.0.15\spring-kafka-3.0.15.jar;C:\Users\bhard\.m2\repository\org\springframework\spring-context\6.0.18\spring-context-6.0.18.jar;C:\Users\bhard\.m2\repository\org\springframework\spring-messaging\6.0.18\spring-messaging-6.0.18.jar;C:\Users\bhard\.m2\repository\org\springframework\spring-tx\6.0.18\spring-tx-6.0.18.jar;C:\Users\bhard\.m2\repository\org\springframework\retry\spring-retry\2.0.5\spring-retry-2.0.5.jar;C:\Users\bhard\.m2\repository\org\apache\kafka\kafka-clients\3.4.1\kafka-clients-3.4.1.jar;C:\Users\bhard\.m2\repository\com\github\luben\zstd-jni\1.5.2-1\zstd-jni-1.5.2-1.jar;C:\Users\bhard\.m2\repository\org\lz4\lz4-java\1.8.0\lz4-java-1.8.0.jar;C:\Users\bhard\.m2\repository\org\xerial\snappy\snappy-java\1.1.8.4\snappy-java-1.1.8.4.jar;C:\Users\bhard\.m2\repository\io\micrometer\micrometer-observation\1.11.10\micrometer-observation-1.11.10.jar;C:\Users\bhard\.m2\repository\io\micrometer\micrometer-commons\1.11.10\micrometer-commons-1.11.10.jar;C:\Users\bhard\.m2\repository\com\google\code\findbugs\jsr305\3.0.2\jsr305-3.0.2.jar;C:\Users\bhard\.m2\repository\org\springframework\boot\spring-boot-devtools\3.1.10\spring-boot-devtools-3.1.10.jar;C:\Users\bhard\.m2\repository\org\springframework\boot\spring-boot\3.1.10\spring-boot-3.1.10.jar;C:\Users\bhard\.m2\repository\org\springframework\boot\spring-boot-autoconfigure\3.1.10\spring-boot-autoconfigure-3.1.10.jar;C:\Users\bhard\.m2\repository\com\h2database\h2\2.1.214\h2-2.1.214.jar;C:\Users\bhard\.m2\repository\org\projectlombok\lombok\1.18.30\lombok-1.18.30.jar;C:\Users\bhard\.m2\repository\org\springframework\boot\spring-boot-starter-test\3.1.10\spring-boot-starter-test-3.1.10.jar;C:\Users\bhard\.m2\repository\org\springframework\boot\spring-boot-test\3.1.10\spring-boot-test-3.1.10.jar;C:\Users\bhard\.m2\repository\org\springframework\boot\spring-boot-test-autoconfigure\3.1.10\spring-boot-test-autoconfigure-3.1.10.jar;C:\Users\bhard\.m2\repository\com\jayway\jsonpath\json-path\2.9.0\json-path-2.9.0.jar;C:\Users\bhard\.m2\repository\jakarta\xml\bind\jakarta.xml.bind-api\4.0.2\jakarta.xml.bind-api-4.0.2.jar;C:\Users\bhard\.m2\repository\jakarta\activation\jakarta.activation-api\2.1.3\jakarta.activation-api-2.1.3.jar;C:\Users\bhard\.m2\repository\net\minidev\json-smart\2.4.11\json-smart-2.4.11.jar;C:\Users\bhard\.m2\repository\net\minidev\accessors-smart\2.4.11\accessors-smart-2.4.11.jar;C:\Users\bhard\.m2\repository\org\ow2\asm\asm\9.3\asm-9.3.jar;C:\Users\bhard\.m2\repository\org\assertj\assertj-core\3.24.2\assertj-core-3.24.2.jar;C:\Users\bhard\.m2\repository\org\hamcrest\hamcrest\2.2\hamcrest-2.2.jar;C:\Users\bhard\.m2\repository\org\junit\jupiter\junit-jupiter\5.9.3\junit-jupiter-5.9.3.jar;C:\Users\bhard\.m2\repository\org\junit\jupiter\junit-jupiter-params\5.9.3\junit-jupiter-params-5.9.3.jar;C:\Users\bhard\.m2\repository\org\junit\jupiter\junit-jupiter-engine\5.9.3\junit-jupiter-engine-5.9.3.jar;C:\Users\bhard\.m2\repository\org\mockito\mockito-core\5.3.1\mockito-core-5.3.1.jar;C:\Users\bhard\.m2\repository\net\bytebuddy\byte-buddy-agent\1.14.12\byte-buddy-agent-1.14.12.jar;C:\Users\bhard\.m2\repository\org\objenesis\objenesis\3.3\objenesis-3.3.jar;C:\Users\bhard\.m2\repository\org\mockito\mockito-junit-jupiter\5.3.1\mockito-junit-jupiter-5.3.1.jar;C:\Users\bhard\.m2\repository\org\skyscreamer\jsonassert\1.5.1\jsonassert-1.5.1.jar;C:\Users\bhard\.m2\repository\com\vaadin\external\google\android-json\0.0.20131108.vaadin1\android-json-0.0.20131108.vaadin1.jar;C:\Users\bhard\.m2\repository\org\springframework\spring-core\6.0.18\spring-core-6.0.18.jar;C:\Users\bhard\.m2\repository\org\springframework\spring-jcl\6.0.18\spring-jcl-6.0.18.jar;C:\Users\bhard\.m2\repository\org\springframework\spring-test\6.0.18\spring-test-6.0.18.jar;C:\Users\bhard\.m2\repository\org\xmlunit\xmlunit-core\2.9.1\xmlunit-core-2.9.1.jar;C:\Users\bhard\.m2\repository\org\springframework\kafka\spring-kafka-test\3.0.15\spring-kafka-test-3.0.15.jar;C:\Users\bhard\.m2\repository\org\apache\zookeeper\zookeeper\3.6.4\zookeeper-3.6.4.jar;C:\Users\bhard\.m2\repository\org\apache\zookeeper\zookeeper-jute\3.6.4\zookeeper-jute-3.6.4.jar;C:\Users\bhard\.m2\repository\org\apache\yetus\audience-annotations\0.13.0\audience-annotations-0.13.0.jar;C:\Users\bhard\.m2\repository\io\netty\netty-handler\4.1.107.Final\netty-handler-4.1.107.Final.jar;C:\Users\bhard\.m2\repository\io\netty\netty-common\4.1.107.Final\netty-common-4.1.107.Final.jar;C:\Users\bhard\.m2\repository\io\netty\netty-resolver\4.1.107.Final\netty-resolver-4.1.107.Final.jar;C:\Users\bhard\.m2\repository\io\netty\netty-buffer\4.1.107.Final\netty-buffer-4.1.107.Final.jar;C:\Users\bhard\.m2\repository\io\netty\netty-transport\4.1.107.Final\netty-transport-4.1.107.Final.jar;C:\Users\bhard\.m2\repository\io\netty\netty-transport-native-unix-common\4.1.107.Final\netty-transport-native-unix-common-4.1.107.Final.jar;C:\Users\bhard\.m2\repository\io\netty\netty-codec\4.1.107.Final\netty-codec-4.1.107.Final.jar;C:\Users\bhard\.m2\repository\io\netty\netty-transport-native-epoll\4.1.107.Final\netty-transport-native-epoll-4.1.107.Final.jar;C:\Users\bhard\.m2\repository\io\netty\netty-transport-classes-epoll\4.1.107.Final\netty-transport-classes-epoll-4.1.107.Final.jar;C:\Users\bhard\.m2\repository\org\apache\kafka\kafka-clients\3.4.1\kafka-clients-3.4.1-test.jar;C:\Users\bhard\.m2\repository\org\apache\kafka\kafka-metadata\3.4.1\kafka-metadata-3.4.1.jar;C:\Users\bhard\.m2\repository\org\apache\kafka\kafka-raft\3.4.1\kafka-raft-3.4.1.jar;C:\Users\bhard\.m2\repository\com\yammer\metrics\metrics-core\2.2.0\metrics-core-2.2.0.jar;C:\Users\bhard\.m2\repository\org\apache\kafka\kafka-server-common\3.4.1\kafka-server-common-3.4.1.jar;C:\Users\bhard\.m2\repository\org\apache\kafka\kafka-server-common\3.4.1\kafka-server-common-3.4.1-test.jar;C:\Users\bhard\.m2\repository\org\apache\kafka\kafka-streams-test-utils\3.4.1\kafka-streams-test-utils-3.4.1.jar;C:\Users\bhard\.m2\repository\org\apache\kafka\kafka-streams\3.4.1\kafka-streams-3.4.1.jar;C:\Users\bhard\.m2\repository\org\rocksdb\rocksdbjni\7.1.2\rocksdbjni-7.1.2.jar;C:\Users\bhard\.m2\repository\org\apache\kafka\kafka_2.13\3.4.1\kafka_2.13-3.4.1.jar;C:\Users\bhard\.m2\repository\org\scala-lang\scala-library\2.13.10\scala-library-2.13.10.jar;C:\Users\bhard\.m2\repository\org\apache\kafka\kafka-group-coordinator\3.4.1\kafka-group-coordinator-3.4.1.jar;C:\Users\bhard\.m2\repository\org\apache\kafka\kafka-storage\3.4.1\kafka-storage-3.4.1.jar;C:\Users\bhard\.m2\repository\org\apache\kafka\kafka-storage-api\3.4.1\kafka-storage-api-3.4.1.jar;C:\Users\bhard\.m2\repository\net\sourceforge\argparse4j\argparse4j\0.7.0\argparse4j-0.7.0.jar;C:\Users\bhard\.m2\repository\com\fasterxml\jackson\module\jackson-module-scala_2.13\2.15.4\jackson-module-scala_2.13-2.15.4.jar;C:\Users\bhard\.m2\repository\com\thoughtworks\paranamer\paranamer\2.8\paranamer-2.8.jar;C:\Users\bhard\.m2\repository\com\fasterxml\jackson\dataformat\jackson-dataformat-csv\2.15.4\jackson-dataformat-csv-2.15.4.jar;C:\Users\bhard\.m2\repository\net\sf\jopt-simple\jopt-simple\5.0.4\jopt-simple-5.0.4.jar;C:\Users\bhard\.m2\repository\org\bitbucket\b_c\jose4j\0.9.3\jose4j-0.9.3.jar;C:\Users\bhard\.m2\repository\org\scala-lang\modules\scala-collection-compat_2.13\2.10.0\scala-collection-compat_2.13-2.10.0.jar;C:\Users\bhard\.m2\repository\org\scala-lang\modules\scala-java8-compat_2.13\1.0.2\scala-java8-compat_2.13-1.0.2.jar;C:\Users\bhard\.m2\repository\org\scala-lang\scala-reflect\2.13.10\scala-reflect-2.13.10.jar;C:\Users\bhard\.m2\repository\com\typesafe\scala-logging\scala-logging_2.13\3.9.4\scala-logging_2.13-3.9.4.jar;C:\Users\bhard\.m2\repository\io\dropwizard\metrics\metrics-core\4.2.25\metrics-core-4.2.25.jar;C:\Users\bhard\.m2\repository\commons-cli\commons-cli\1.4\commons-cli-1.4.jar;C:\Users\bhard\.m2\repository\org\apache\kafka\kafka_2.13\3.4.1\kafka_2.13-3.4.1-test.jar;C:\Users\bhard\.m2\repository\org\junit\jupiter\junit-jupiter-api\5.9.3\junit-jupiter-api-5.9.3.jar;C:\Users\bhard\.m2\repository\org\opentest4j\opentest4j\1.2.0\opentest4j-1.2.0.jar;C:\Users\bhard\.m2\repository\org\junit\platform\junit-platform-commons\1.9.3\junit-platform-commons-1.9.3.jar;C:\Users\bhard\.m2\repository\org\apiguardian\apiguardian-api\1.1.2\apiguardian-api-1.1.2.jar;C:\Users\bhard\.m2\repository\org\junit\platform\junit-platform-launcher\1.9.3\junit-platform-launcher-1.9.3.jar;C:\Users\bhard\.m2\repository\org\junit\platform\junit-platform-engine\1.9.3\junit-platform-engine-1.9.3.jar;"/>
    <property name="java.vm.vendor" value="Eclipse Adoptium"/>
    <property name="sun.arch.data.model" value="64"/>
    <property name="user.variant" value=""/>
    <property name="java.vendor.url" value="https://adoptium.net/"/>
    <property name="user.timezone" value="America/New_York"/>
    <property name="org.jboss.logging.provider" value="slf4j"/>
    <property name="os.name" value="Windows 11"/>
    <property name="java.vm.specification.version" value="17"/>
    <property name="sun.java.launcher" value="SUN_STANDARD"/>
    <property name="user.country" value="US"/>
    <property name="sun.boot.library.path" value="C:\Users\bhard\kollu\sw\IDE\sts-4.22.0.RELEASE\plugins\org.eclipse.justj.openjdk.hotspot.jre.full.win32.x86_64_17.0.10.v20240120-1143\jre\bin"/>
    <property name="sun.java.command" value="C:\Users\bhard\AppData\Local\Temp\surefire17623188967486757351\surefirebooter-20240417002537291_3.jar C:\Users\bhard\AppData\Local\Temp\surefire17623188967486757351 2024-04-17T00-25-37_115-jvmRun1 surefire-20240417002537291_1tmp surefire_0-20240417002537291_2tmp"/>
    <property name="jdk.debug" value="release"/>
    <property name="surefire.test.class.path" value="C:\Users\bhard\kollu\workspace\testws1\order-ms\target\test-classes;C:\Users\bhard\kollu\workspace\testws1\order-ms\target\classes;C:\Users\bhard\.m2\repository\org\springframework\boot\spring-boot-starter-data-jpa\3.1.10\spring-boot-starter-data-jpa-3.1.10.jar;C:\Users\bhard\.m2\repository\org\springframework\boot\spring-boot-starter-aop\3.1.10\spring-boot-starter-aop-3.1.10.jar;C:\Users\bhard\.m2\repository\org\springframework\spring-aop\6.0.18\spring-aop-6.0.18.jar;C:\Users\bhard\.m2\repository\org\aspectj\aspectjweaver\1.9.21\aspectjweaver-1.9.21.jar;C:\Users\bhard\.m2\repository\org\springframework\boot\spring-boot-starter-jdbc\3.1.10\spring-boot-starter-jdbc-3.1.10.jar;C:\Users\bhard\.m2\repository\com\zaxxer\HikariCP\5.0.1\HikariCP-5.0.1.jar;C:\Users\bhard\.m2\repository\org\springframework\spring-jdbc\6.0.18\spring-jdbc-6.0.18.jar;C:\Users\bhard\.m2\repository\org\hibernate\orm\hibernate-core\6.2.22.Final\hibernate-core-6.2.22.Final.jar;C:\Users\bhard\.m2\repository\jakarta\persistence\jakarta.persistence-api\3.1.0\jakarta.persistence-api-3.1.0.jar;C:\Users\bhard\.m2\repository\jakarta\transaction\jakarta.transaction-api\2.0.1\jakarta.transaction-api-2.0.1.jar;C:\Users\bhard\.m2\repository\org\jboss\logging\jboss-logging\3.5.3.Final\jboss-logging-3.5.3.Final.jar;C:\Users\bhard\.m2\repository\org\hibernate\common\hibernate-commons-annotations\6.0.6.Final\hibernate-commons-annotations-6.0.6.Final.jar;C:\Users\bhard\.m2\repository\io\smallrye\jandex\3.0.5\jandex-3.0.5.jar;C:\Users\bhard\.m2\repository\com\fasterxml\classmate\1.5.1\classmate-1.5.1.jar;C:\Users\bhard\.m2\repository\net\bytebuddy\byte-buddy\1.14.12\byte-buddy-1.14.12.jar;C:\Users\bhard\.m2\repository\org\glassfish\jaxb\jaxb-runtime\4.0.5\jaxb-runtime-4.0.5.jar;C:\Users\bhard\.m2\repository\org\glassfish\jaxb\jaxb-core\4.0.5\jaxb-core-4.0.5.jar;C:\Users\bhard\.m2\repository\org\eclipse\angus\angus-activation\2.0.2\angus-activation-2.0.2.jar;C:\Users\bhard\.m2\repository\org\glassfish\jaxb\txw2\4.0.5\txw2-4.0.5.jar;C:\Users\bhard\.m2\repository\com\sun\istack\istack-commons-runtime\4.1.2\istack-commons-runtime-4.1.2.jar;C:\Users\bhard\.m2\repository\jakarta\inject\jakarta.inject-api\2.0.1\jakarta.inject-api-2.0.1.jar;C:\Users\bhard\.m2\repository\org\antlr\antlr4-runtime\4.10.1\antlr4-runtime-4.10.1.jar;C:\Users\bhard\.m2\repository\org\springframework\data\spring-data-jpa\3.1.10\spring-data-jpa-3.1.10.jar;C:\Users\bhard\.m2\repository\org\springframework\data\spring-data-commons\3.1.10\spring-data-commons-3.1.10.jar;C:\Users\bhard\.m2\repository\org\springframework\spring-orm\6.0.18\spring-orm-6.0.18.jar;C:\Users\bhard\.m2\repository\org\springframework\spring-beans\6.0.18\spring-beans-6.0.18.jar;C:\Users\bhard\.m2\repository\jakarta\annotation\jakarta.annotation-api\2.1.1\jakarta.annotation-api-2.1.1.jar;C:\Users\bhard\.m2\repository\org\slf4j\slf4j-api\2.0.12\slf4j-api-2.0.12.jar;C:\Users\bhard\.m2\repository\org\springframework\spring-aspects\6.0.18\spring-aspects-6.0.18.jar;C:\Users\bhard\.m2\repository\com\oracle\database\jdbc\ojdbc8\21.9.0.0\ojdbc8-21.9.0.0.jar;C:\Users\bhard\.m2\repository\org\springframework\boot\spring-boot-starter-web\3.1.10\spring-boot-starter-web-3.1.10.jar;C:\Users\bhard\.m2\repository\org\springframework\boot\spring-boot-starter\3.1.10\spring-boot-starter-3.1.10.jar;C:\Users\bhard\.m2\repository\org\springframework\boot\spring-boot-starter-logging\3.1.10\spring-boot-starter-logging-3.1.10.jar;C:\Users\bhard\.m2\repository\ch\qos\logback\logback-classic\1.4.14\logback-classic-1.4.14.jar;C:\Users\bhard\.m2\repository\ch\qos\logback\logback-core\1.4.14\logback-core-1.4.14.jar;C:\Users\bhard\.m2\repository\org\apache\logging\log4j\log4j-to-slf4j\2.20.0\log4j-to-slf4j-2.20.0.jar;C:\Users\bhard\.m2\repository\org\apache\logging\log4j\log4j-api\2.20.0\log4j-api-2.20.0.jar;C:\Users\bhard\.m2\repository\org\slf4j\jul-to-slf4j\2.0.12\jul-to-slf4j-2.0.12.jar;C:\Users\bhard\.m2\repository\org\yaml\snakeyaml\1.33\snakeyaml-1.33.jar;C:\Users\bhard\.m2\repository\org\springframework\boot\spring-boot-starter-json\3.1.10\spring-boot-starter-json-3.1.10.jar;C:\Users\bhard\.m2\repository\com\fasterxml\jackson\core\jackson-databind\2.15.4\jackson-databind-2.15.4.jar;C:\Users\bhard\.m2\repository\com\fasterxml\jackson\core\jackson-annotations\2.15.4\jackson-annotations-2.15.4.jar;C:\Users\bhard\.m2\repository\com\fasterxml\jackson\core\jackson-core\2.15.4\jackson-core-2.15.4.jar;C:\Users\bhard\.m2\repository\com\fasterxml\jackson\datatype\jackson-datatype-jdk8\2.15.4\jackson-datatype-jdk8-2.15.4.jar;C:\Users\bhard\.m2\repository\com\fasterxml\jackson\datatype\jackson-datatype-jsr310\2.15.4\jackson-datatype-jsr310-2.15.4.jar;C:\Users\bhard\.m2\repository\com\fasterxml\jackson\module\jackson-module-parameter-names\2.15.4\jackson-module-parameter-names-2.15.4.jar;C:\Users\bhard\.m2\repository\org\springframework\boot\spring-boot-starter-tomcat\3.1.10\spring-boot-starter-tomcat-3.1.10.jar;C:\Users\bhard\.m2\repository\org\apache\tomcat\embed\tomcat-embed-core\10.1.19\tomcat-embed-core-10.1.19.jar;C:\Users\bhard\.m2\repository\org\apache\tomcat\embed\tomcat-embed-el\10.1.19\tomcat-embed-el-10.1.19.jar;C:\Users\bhard\.m2\repository\org\apache\tomcat\embed\tomcat-embed-websocket\10.1.19\tomcat-embed-websocket-10.1.19.jar;C:\Users\bhard\.m2\repository\org\springframework\spring-web\6.0.18\spring-web-6.0.18.jar;C:\Users\bhard\.m2\repository\org\springframework\spring-webmvc\6.0.18\spring-webmvc-6.0.18.jar;C:\Users\bhard\.m2\repository\org\springframework\spring-expression\6.0.18\spring-expression-6.0.18.jar;C:\Users\bhard\.m2\repository\org\springframework\kafka\spring-kafka\3.0.15\spring-kafka-3.0.15.jar;C:\Users\bhard\.m2\repository\org\springframework\spring-context\6.0.18\spring-context-6.0.18.jar;C:\Users\bhard\.m2\repository\org\springframework\spring-messaging\6.0.18\spring-messaging-6.0.18.jar;C:\Users\bhard\.m2\repository\org\springframework\spring-tx\6.0.18\spring-tx-6.0.18.jar;C:\Users\bhard\.m2\repository\org\springframework\retry\spring-retry\2.0.5\spring-retry-2.0.5.jar;C:\Users\bhard\.m2\repository\org\apache\kafka\kafka-clients\3.4.1\kafka-clients-3.4.1.jar;C:\Users\bhard\.m2\repository\com\github\luben\zstd-jni\1.5.2-1\zstd-jni-1.5.2-1.jar;C:\Users\bhard\.m2\repository\org\lz4\lz4-java\1.8.0\lz4-java-1.8.0.jar;C:\Users\bhard\.m2\repository\org\xerial\snappy\snappy-java\1.1.8.4\snappy-java-1.1.8.4.jar;C:\Users\bhard\.m2\repository\io\micrometer\micrometer-observation\1.11.10\micrometer-observation-1.11.10.jar;C:\Users\bhard\.m2\repository\io\micrometer\micrometer-commons\1.11.10\micrometer-commons-1.11.10.jar;C:\Users\bhard\.m2\repository\com\google\code\findbugs\jsr305\3.0.2\jsr305-3.0.2.jar;C:\Users\bhard\.m2\repository\org\springframework\boot\spring-boot-devtools\3.1.10\spring-boot-devtools-3.1.10.jar;C:\Users\bhard\.m2\repository\org\springframework\boot\spring-boot\3.1.10\spring-boot-3.1.10.jar;C:\Users\bhard\.m2\repository\org\springframework\boot\spring-boot-autoconfigure\3.1.10\spring-boot-autoconfigure-3.1.10.jar;C:\Users\bhard\.m2\repository\com\h2database\h2\2.1.214\h2-2.1.214.jar;C:\Users\bhard\.m2\repository\org\projectlombok\lombok\1.18.30\lombok-1.18.30.jar;C:\Users\bhard\.m2\repository\org\springframework\boot\spring-boot-starter-test\3.1.10\spring-boot-starter-test-3.1.10.jar;C:\Users\bhard\.m2\repository\org\springframework\boot\spring-boot-test\3.1.10\spring-boot-test-3.1.10.jar;C:\Users\bhard\.m2\repository\org\springframework\boot\spring-boot-test-autoconfigure\3.1.10\spring-boot-test-autoconfigure-3.1.10.jar;C:\Users\bhard\.m2\repository\com\jayway\jsonpath\json-path\2.9.0\json-path-2.9.0.jar;C:\Users\bhard\.m2\repository\jakarta\xml\bind\jakarta.xml.bind-api\4.0.2\jakarta.xml.bind-api-4.0.2.jar;C:\Users\bhard\.m2\repository\jakarta\activation\jakarta.activation-api\2.1.3\jakarta.activation-api-2.1.3.jar;C:\Users\bhard\.m2\repository\net\minidev\json-smart\2.4.11\json-smart-2.4.11.jar;C:\Users\bhard\.m2\repository\net\minidev\accessors-smart\2.4.11\accessors-smart-2.4.11.jar;C:\Users\bhard\.m2\repository\org\ow2\asm\asm\9.3\asm-9.3.jar;C:\Users\bhard\.m2\repository\org\assertj\assertj-core\3.24.2\assertj-core-3.24.2.jar;C:\Users\bhard\.m2\repository\org\hamcrest\hamcrest\2.2\hamcrest-2.2.jar;C:\Users\bhard\.m2\repository\org\junit\jupiter\junit-jupiter\5.9.3\junit-jupiter-5.9.3.jar;C:\Users\bhard\.m2\repository\org\junit\jupiter\junit-jupiter-params\5.9.3\junit-jupiter-params-5.9.3.jar;C:\Users\bhard\.m2\repository\org\junit\jupiter\junit-jupiter-engine\5.9.3\junit-jupiter-engine-5.9.3.jar;C:\Users\bhard\.m2\repository\org\mockito\mockito-core\5.3.1\mockito-core-5.3.1.jar;C:\Users\bhard\.m2\repository\net\bytebuddy\byte-buddy-agent\1.14.12\byte-buddy-agent-1.14.12.jar;C:\Users\bhard\.m2\repository\org\objenesis\objenesis\3.3\objenesis-3.3.jar;C:\Users\bhard\.m2\repository\org\mockito\mockito-junit-jupiter\5.3.1\mockito-junit-jupiter-5.3.1.jar;C:\Users\bhard\.m2\repository\org\skyscreamer\jsonassert\1.5.1\jsonassert-1.5.1.jar;C:\Users\bhard\.m2\repository\com\vaadin\external\google\android-json\0.0.20131108.vaadin1\android-json-0.0.20131108.vaadin1.jar;C:\Users\bhard\.m2\repository\org\springframework\spring-core\6.0.18\spring-core-6.0.18.jar;C:\Users\bhard\.m2\repository\org\springframework\spring-jcl\6.0.18\spring-jcl-6.0.18.jar;C:\Users\bhard\.m2\repository\org\springframework\spring-test\6.0.18\spring-test-6.0.18.jar;C:\Users\bhard\.m2\repository\org\xmlunit\xmlunit-core\2.9.1\xmlunit-core-2.9.1.jar;C:\Users\bhard\.m2\repository\org\springframework\kafka\spring-kafka-test\3.0.15\spring-kafka-test-3.0.15.jar;C:\Users\bhard\.m2\repository\org\apache\zookeeper\zookeeper\3.6.4\zookeeper-3.6.4.jar;C:\Users\bhard\.m2\repository\org\apache\zookeeper\zookeeper-jute\3.6.4\zookeeper-jute-3.6.4.jar;C:\Users\bhard\.m2\repository\org\apache\yetus\audience-annotations\0.13.0\audience-annotations-0.13.0.jar;C:\Users\bhard\.m2\repository\io\netty\netty-handler\4.1.107.Final\netty-handler-4.1.107.Final.jar;C:\Users\bhard\.m2\repository\io\netty\netty-common\4.1.107.Final\netty-common-4.1.107.Final.jar;C:\Users\bhard\.m2\repository\io\netty\netty-resolver\4.1.107.Final\netty-resolver-4.1.107.Final.jar;C:\Users\bhard\.m2\repository\io\netty\netty-buffer\4.1.107.Final\netty-buffer-4.1.107.Final.jar;C:\Users\bhard\.m2\repository\io\netty\netty-transport\4.1.107.Final\netty-transport-4.1.107.Final.jar;C:\Users\bhard\.m2\repository\io\netty\netty-transport-native-unix-common\4.1.107.Final\netty-transport-native-unix-common-4.1.107.Final.jar;C:\Users\bhard\.m2\repository\io\netty\netty-codec\4.1.107.Final\netty-codec-4.1.107.Final.jar;C:\Users\bhard\.m2\repository\io\netty\netty-transport-native-epoll\4.1.107.Final\netty-transport-native-epoll-4.1.107.Final.jar;C:\Users\bhard\.m2\repository\io\netty\netty-transport-classes-epoll\4.1.107.Final\netty-transport-classes-epoll-4.1.107.Final.jar;C:\Users\bhard\.m2\repository\org\apache\kafka\kafka-clients\3.4.1\kafka-clients-3.4.1-test.jar;C:\Users\bhard\.m2\repository\org\apache\kafka\kafka-metadata\3.4.1\kafka-metadata-3.4.1.jar;C:\Users\bhard\.m2\repository\org\apache\kafka\kafka-raft\3.4.1\kafka-raft-3.4.1.jar;C:\Users\bhard\.m2\repository\com\yammer\metrics\metrics-core\2.2.0\metrics-core-2.2.0.jar;C:\Users\bhard\.m2\repository\org\apache\kafka\kafka-server-common\3.4.1\kafka-server-common-3.4.1.jar;C:\Users\bhard\.m2\repository\org\apache\kafka\kafka-server-common\3.4.1\kafka-server-common-3.4.1-test.jar;C:\Users\bhard\.m2\repository\org\apache\kafka\kafka-streams-test-utils\3.4.1\kafka-streams-test-utils-3.4.1.jar;C:\Users\bhard\.m2\repository\org\apache\kafka\kafka-streams\3.4.1\kafka-streams-3.4.1.jar;C:\Users\bhard\.m2\repository\org\rocksdb\rocksdbjni\7.1.2\rocksdbjni-7.1.2.jar;C:\Users\bhard\.m2\repository\org\apache\kafka\kafka_2.13\3.4.1\kafka_2.13-3.4.1.jar;C:\Users\bhard\.m2\repository\org\scala-lang\scala-library\2.13.10\scala-library-2.13.10.jar;C:\Users\bhard\.m2\repository\org\apache\kafka\kafka-group-coordinator\3.4.1\kafka-group-coordinator-3.4.1.jar;C:\Users\bhard\.m2\repository\org\apache\kafka\kafka-storage\3.4.1\kafka-storage-3.4.1.jar;C:\Users\bhard\.m2\repository\org\apache\kafka\kafka-storage-api\3.4.1\kafka-storage-api-3.4.1.jar;C:\Users\bhard\.m2\repository\net\sourceforge\argparse4j\argparse4j\0.7.0\argparse4j-0.7.0.jar;C:\Users\bhard\.m2\repository\com\fasterxml\jackson\module\jackson-module-scala_2.13\2.15.4\jackson-module-scala_2.13-2.15.4.jar;C:\Users\bhard\.m2\repository\com\thoughtworks\paranamer\paranamer\2.8\paranamer-2.8.jar;C:\Users\bhard\.m2\repository\com\fasterxml\jackson\dataformat\jackson-dataformat-csv\2.15.4\jackson-dataformat-csv-2.15.4.jar;C:\Users\bhard\.m2\repository\net\sf\jopt-simple\jopt-simple\5.0.4\jopt-simple-5.0.4.jar;C:\Users\bhard\.m2\repository\org\bitbucket\b_c\jose4j\0.9.3\jose4j-0.9.3.jar;C:\Users\bhard\.m2\repository\org\scala-lang\modules\scala-collection-compat_2.13\2.10.0\scala-collection-compat_2.13-2.10.0.jar;C:\Users\bhard\.m2\repository\org\scala-lang\modules\scala-java8-compat_2.13\1.0.2\scala-java8-compat_2.13-1.0.2.jar;C:\Users\bhard\.m2\repository\org\scala-lang\scala-reflect\2.13.10\scala-reflect-2.13.10.jar;C:\Users\bhard\.m2\repository\com\typesafe\scala-logging\scala-logging_2.13\3.9.4\scala-logging_2.13-3.9.4.jar;C:\Users\bhard\.m2\repository\io\dropwizard\metrics\metrics-core\4.2.25\metrics-core-4.2.25.jar;C:\Users\bhard\.m2\repository\commons-cli\commons-cli\1.4\commons-cli-1.4.jar;C:\Users\bhard\.m2\repository\org\apache\kafka\kafka_2.13\3.4.1\kafka_2.13-3.4.1-test.jar;C:\Users\bhard\.m2\repository\org\junit\jupiter\junit-jupiter-api\5.9.3\junit-jupiter-api-5.9.3.jar;C:\Users\bhard\.m2\repository\org\opentest4j\opentest4j\1.2.0\opentest4j-1.2.0.jar;C:\Users\bhard\.m2\repository\org\junit\platform\junit-platform-commons\1.9.3\junit-platform-commons-1.9.3.jar;C:\Users\bhard\.m2\repository\org\apiguardian\apiguardian-api\1.1.2\apiguardian-api-1.1.2.jar;C:\Users\bhard\.m2\repository\org\junit\platform\junit-platform-launcher\1.9.3\junit-platform-launcher-1.9.3.jar;C:\Users\bhard\.m2\repository\org\junit\platform\junit-platform-engine\1.9.3\junit-platform-engine-1.9.3.jar;"/>
    <property name="sun.cpu.endian" value="little"/>
    <property name="user.home" value="C:\Users\bhard"/>
    <property name="user.language" value="en"/>
    <property name="java.specification.vendor" value="Oracle Corporation"/>
    <property name="java.version.date" value="2024-01-16"/>
    <property name="java.home" value="C:\Users\bhard\kollu\sw\IDE\sts-4.22.0.RELEASE\plugins\org.eclipse.justj.openjdk.hotspot.jre.full.win32.x86_64_17.0.10.v20240120-1143\jre"/>
    <property name="file.separator" value="\"/>
    <property name="style.color" value="always"/>
    <property name="basedir" value="C:\Users\bhard\kollu\workspace\testws1\order-ms"/>
    <property name="java.vm.compressedOopsMode" value="Zero based"/>
    <property name="line.separator" value="&#10;"/>
    <property name="java.vm.specification.vendor" value="Oracle Corporation"/>
    <property name="java.specification.name" value="Java Platform API Specification"/>
    <property name="FILE_LOG_CHARSET" value="windows-1252"/>
    <property name="java.awt.headless" value="true"/>
    <property name="surefire.real.class.path" value="C:\Users\bhard\AppData\Local\Temp\surefire17623188967486757351\surefirebooter-20240417002537291_3.jar"/>
    <property name="user.script" value=""/>
    <property name="sun.management.compiler" value="HotSpot 64-Bit Tiered Compilers"/>
    <property name="java.runtime.version" value="17.0.10+7"/>
    <property name="user.name" value="bhard"/>
    <property name="path.separator" value=";"/>
    <property name="os.version" value="10.0"/>
    <property name="java.runtime.name" value="OpenJDK Runtime Environment"/>
    <property name="file.encoding" value="Cp1252"/>
    <property name="java.vm.name" value="OpenJDK 64-Bit Server VM"/>
    <property name="java.vendor.version" value="Temurin-17.0.10+7"/>
    <property name="localRepository" value="C:\Users\bhard\.m2\repository"/>
    <property name="java.vendor.url.bug" value="https://github.com/adoptium/adoptium-support/issues"/>
    <property name="java.io.tmpdir" value="C:\Users\bhard\AppData\Local\Temp\"/>
    <property name="com.zaxxer.hikari.pool_number" value="1"/>
    <property name="java.version" value="17.0.10"/>
    <property name="user.dir" value="C:\Users\bhard\kollu\workspace\testws1\order-ms"/>
    <property name="os.arch" value="amd64"/>
    <property name="java.vm.specification.name" value="Java Virtual Machine Specification"/>
    <property name="PID" value="21752"/>
    <property name="sun.os.patch.level" value=""/>
    <property name="CONSOLE_LOG_CHARSET" value="windows-1252"/>
    <property name="native.encoding" value="Cp1252"/>
    <property name="java.library.path" value="C:\Users\bhard\kollu\sw\IDE\sts-4.22.0.RELEASE\plugins\org.eclipse.justj.openjdk.hotspot.jre.full.win32.x86_64_17.0.10.v20240120-1143\jre\bin;C:\WINDOWS\Sun\Java\bin;C:\WINDOWS\system32;C:\WINDOWS;C:/Users/bhard/kollu/sw/IDE/sts-4.22.0.RELEASE//plugins/org.eclipse.justj.openjdk.hotspot.jre.full.win32.x86_64_17.0.10.v20240120-1143/jre/bin/server;C:/Users/bhard/kollu/sw/IDE/sts-4.22.0.RELEASE//plugins/org.eclipse.justj.openjdk.hotspot.jre.full.win32.x86_64_17.0.10.v20240120-1143/jre/bin;C:\oraclexe\app\oracle\product\11.2.0\server\bin;C:\Program Files\Common Files\Oracle\Java\javapath;C:\WINDOWS\system32;C:\WINDOWS;C:\WINDOWS\System32\Wbem;C:\WINDOWS\System32\WindowsPowerShell\v1.0\;C:\WINDOWS\System32\OpenSSH\;C:\Program Files\Java\jdk-21\bin;C:\Program Files\Git\cmd;C:\Users\bhard\kollu\sw\kafka_2.13\bin;C:\Users\bhard\kollu\sw\maven-3.9.6\bin;C:\Users\bhard\AppData\Local\Microsoft\WindowsApps;C:\Users\bhard\AppData\Local\Programs\Microsoft VS Code\bin;C:\Users\bhard\kollu\sw\IDE\sts-4.22.0.RELEASE;;."/>
    <property name="java.vm.info" value="mixed mode"/>
    <property name="java.vendor" value="Eclipse Adoptium"/>
    <property name="java.vm.version" value="17.0.10+7"/>
    <property name="sun.io.unicode.encoding" value="UnicodeLittle"/>
    <property name="java.class.version" value="61.0"/>
  </properties>
  <testcase name="contextLoads" classname="com.kollu.order.OrderMsApplicationTests" time="0.686">
    <system-out><![CDATA[00:25:38.184 [main] INFO org.springframework.test.context.support.AnnotationConfigContextLoaderUtils -- Could not detect default configuration classes for test class [com.kollu.order.OrderMsApplicationTests]: OrderMsApplicationTests does not declare any static, non-private, non-final, nested classes annotated with @Configuration.
00:25:38.273 [main] INFO org.springframework.boot.test.context.SpringBootTestContextBootstrapper -- Found @SpringBootConfiguration com.kollu.order.OrderMsApplication for test class com.kollu.order.OrderMsApplicationTests
00:25:38.488 [main] INFO org.springframework.boot.devtools.restart.RestartApplicationListener -- Restart disabled due to context in which it is running

  .   ____          _            __ _ _
 /\\ / ___'_ __ _ _(_)_ __  __ _ \ \ \ \
( ( )\___ | '_ | '_| | '_ \/ _` | \ \ \ \
 \\/  ___)| |_)| | | | | || (_| |  ) ) ) )
  '  |____| .__|_| |_|_| |_\__, | / / / /
 =========|_|==============|___/=/_/_/_/
 :: Spring Boot ::               (v3.1.10)

2024-04-17T00:25:38.778-04:00  INFO 21752 --- [           main] c.kollu.order.OrderMsApplicationTests    : Starting OrderMsApplicationTests using Java 17.0.10 with PID 21752 (started by bhard in C:\Users\bhard\kollu\workspace\testws1\order-ms)
2024-04-17T00:25:38.779-04:00  INFO 21752 --- [           main] c.kollu.order.OrderMsApplicationTests    : No active profile set, falling back to 1 default profile: "default"
2024-04-17T00:25:39.440-04:00  INFO 21752 --- [           main] .s.d.r.c.RepositoryConfigurationDelegate : Bootstrapping Spring Data JPA repositories in DEFAULT mode.
2024-04-17T00:25:39.539-04:00  INFO 21752 --- [           main] .s.d.r.c.RepositoryConfigurationDelegate : Finished Spring Data repository scanning in 84 ms. Found 1 JPA repository interface.
2024-04-17T00:25:40.301-04:00  INFO 21752 --- [           main] o.hibernate.jpa.internal.util.LogHelper  : HHH000204: Processing PersistenceUnitInfo [name: default]
2024-04-17T00:25:40.396-04:00  INFO 21752 --- [           main] org.hibernate.Version                    : HHH000412: Hibernate ORM core version 6.2.22.Final
2024-04-17T00:25:40.400-04:00  INFO 21752 --- [           main] org.hibernate.cfg.Environment            : HHH000406: Using bytecode reflection optimizer
2024-04-17T00:25:40.697-04:00  INFO 21752 --- [           main] o.s.o.j.p.SpringPersistenceUnitInfo      : No LoadTimeWeaver setup: ignoring JPA class transformer
2024-04-17T00:25:40.727-04:00  INFO 21752 --- [           main] com.zaxxer.hikari.HikariDataSource       : HikariPool-1 - Starting...
2024-04-17T00:25:41.016-04:00  INFO 21752 --- [           main] com.zaxxer.hikari.pool.HikariPool        : HikariPool-1 - Added connection oracle.jdbc.driver.T4CConnection@333d44f6
2024-04-17T00:25:41.018-04:00  INFO 21752 --- [           main] com.zaxxer.hikari.HikariDataSource       : HikariPool-1 - Start completed.
2024-04-17T00:25:41.106-04:00  WARN 21752 --- [           main] org.hibernate.orm.deprecation            : HHH90000025: OracleDialect does not need to be specified explicitly using 'hibernate.dialect' (remove the property setting and it will be selected by default)
Hibernate: 
    create global temporary table HTE_order_table(order_quantity number(10,0), rn_ number(10,0) not null, id number(19,0), order_amount float(53), order_item varchar2(255 char), order_status varchar2(255 char), primary key (rn_)) 
        on commit delete rows
2024-04-17T00:25:41.958-04:00  INFO 21752 --- [           main] o.h.e.t.j.p.i.JtaPlatformInitiator       : HHH000489: No JTA platform available (set 'hibernate.transaction.jta.platform' to enable JTA platform integration)
Hibernate: 
    create table order_table (
        id number(19,0) not null,
        order_amount float(53),
        order_item varchar2(255 char),
        order_quantity number(10,0),
        order_status varchar2(255 char),
        primary key (id)
    )
Hibernate: 
    create sequence order_table_seq start with 1 increment by 50
2024-04-17T00:25:42.828-04:00  INFO 21752 --- [           main] j.LocalContainerEntityManagerFactoryBean : Initialized JPA EntityManagerFactory for persistence unit 'default'
2024-04-17T00:25:43.413-04:00  WARN 21752 --- [           main] JpaBaseConfiguration$JpaWebConfiguration : spring.jpa.open-in-view is enabled by default. Therefore, database queries may be performed during view rendering. Explicitly configure spring.jpa.open-in-view to disable this warning
2024-04-17T00:25:43.980-04:00  INFO 21752 --- [           main] o.a.k.clients.consumer.ConsumerConfig    : ConsumerConfig values: 
	allow.auto.create.topics = true
	auto.commit.interval.ms = 5000
	auto.include.jmx.reporter = true
	auto.offset.reset = latest
	bootstrap.servers = [localhost:9092]
	check.crcs = true
	client.dns.lookup = use_all_dns_ips
	client.id = consumer-orders-group-1
	client.rack = 
	connections.max.idle.ms = 540000
	default.api.timeout.ms = 60000
	enable.auto.commit = false
	exclude.internal.topics = true
	fetch.max.bytes = 52428800
	fetch.max.wait.ms = 500
	fetch.min.bytes = 1
	group.id = orders-group
	group.instance.id = null
	heartbeat.interval.ms = 3000
	interceptor.classes = []
	internal.leave.group.on.close = true
	internal.throw.on.fetch.stable.offset.unsupported = false
	isolation.level = read_uncommitted
	key.deserializer = class org.apache.kafka.common.serialization.StringDeserializer
	max.partition.fetch.bytes = 1048576
	max.poll.interval.ms = 300000
	max.poll.records = 500
	metadata.max.age.ms = 300000
	metric.reporters = []
	metrics.num.samples = 2
	metrics.recording.level = INFO
	metrics.sample.window.ms = 30000
	partition.assignment.strategy = [class org.apache.kafka.clients.consumer.RangeAssignor, class org.apache.kafka.clients.consumer.CooperativeStickyAssignor]
	receive.buffer.bytes = 65536
	reconnect.backoff.max.ms = 1000
	reconnect.backoff.ms = 50
	request.timeout.ms = 30000
	retry.backoff.ms = 100
	sasl.client.callback.handler.class = null
	sasl.jaas.config = null
	sasl.kerberos.kinit.cmd = /usr/bin/kinit
	sasl.kerberos.min.time.before.relogin = 60000
	sasl.kerberos.service.name = null
	sasl.kerberos.ticket.renew.jitter = 0.05
	sasl.kerberos.ticket.renew.window.factor = 0.8
	sasl.login.callback.handler.class = null
	sasl.login.class = null
	sasl.login.connect.timeout.ms = null
	sasl.login.read.timeout.ms = null
	sasl.login.refresh.buffer.seconds = 300
	sasl.login.refresh.min.period.seconds = 60
	sasl.login.refresh.window.factor = 0.8
	sasl.login.refresh.window.jitter = 0.05
	sasl.login.retry.backoff.max.ms = 10000
	sasl.login.retry.backoff.ms = 100
	sasl.mechanism = GSSAPI
	sasl.oauthbearer.clock.skew.seconds = 30
	sasl.oauthbearer.expected.audience = null
	sasl.oauthbearer.expected.issuer = null
	sasl.oauthbearer.jwks.endpoint.refresh.ms = 3600000
	sasl.oauthbearer.jwks.endpoint.retry.backoff.max.ms = 10000
	sasl.oauthbearer.jwks.endpoint.retry.backoff.ms = 100
	sasl.oauthbearer.jwks.endpoint.url = null
	sasl.oauthbearer.scope.claim.name = scope
	sasl.oauthbearer.sub.claim.name = sub
	sasl.oauthbearer.token.endpoint.url = null
	security.protocol = PLAINTEXT
	security.providers = null
	send.buffer.bytes = 131072
	session.timeout.ms = 45000
	socket.connection.setup.timeout.max.ms = 30000
	socket.connection.setup.timeout.ms = 10000
	ssl.cipher.suites = null
	ssl.enabled.protocols = [TLSv1.2, TLSv1.3]
	ssl.endpoint.identification.algorithm = https
	ssl.engine.factory.class = null
	ssl.key.password = null
	ssl.keymanager.algorithm = SunX509
	ssl.keystore.certificate.chain = null
	ssl.keystore.key = null
	ssl.keystore.location = null
	ssl.keystore.password = null
	ssl.keystore.type = JKS
	ssl.protocol = TLSv1.3
	ssl.provider = null
	ssl.secure.random.implementation = null
	ssl.trustmanager.algorithm = PKIX
	ssl.truststore.certificates = null
	ssl.truststore.location = null
	ssl.truststore.password = null
	ssl.truststore.type = JKS
	value.deserializer = class org.apache.kafka.common.serialization.StringDeserializer

2024-04-17T00:25:44.069-04:00  INFO 21752 --- [           main] o.a.kafka.common.utils.AppInfoParser     : Kafka version: 3.4.1
2024-04-17T00:25:44.069-04:00  INFO 21752 --- [           main] o.a.kafka.common.utils.AppInfoParser     : Kafka commitId: 8a516edc2755df89
2024-04-17T00:25:44.069-04:00  INFO 21752 --- [           main] o.a.kafka.common.utils.AppInfoParser     : Kafka startTimeMs: 1713327944068
2024-04-17T00:25:44.071-04:00  INFO 21752 --- [           main] o.a.k.clients.consumer.KafkaConsumer     : [Consumer clientId=consumer-orders-group-1, groupId=orders-group] Subscribed to topic(s): reversed-orders
2024-04-17T00:25:44.089-04:00  INFO 21752 --- [           main] c.kollu.order.OrderMsApplicationTests    : Started OrderMsApplicationTests in 5.609 seconds (process running for 6.665)
2024-04-17T00:25:44.481-04:00  INFO 21752 --- [ntainer#0-0-C-1] org.apache.kafka.clients.Metadata        : [Consumer clientId=consumer-orders-group-1, groupId=orders-group] Resetting the last seen epoch of partition reversed-orders-0 to 0 since the associated topicId changed from null to 3KyyFrcwSvaUChwdR7-n8w
2024-04-17T00:25:44.482-04:00  INFO 21752 --- [ntainer#0-0-C-1] org.apache.kafka.clients.Metadata        : [Consumer clientId=consumer-orders-group-1, groupId=orders-group] Cluster ID: K7L3X7fvSP-PuAB1InX4hg
2024-04-17T00:25:44.483-04:00  INFO 21752 --- [ntainer#0-0-C-1] o.a.k.c.c.internals.ConsumerCoordinator  : [Consumer clientId=consumer-orders-group-1, groupId=orders-group] Discovered group coordinator bhardwaja.attlocal.net:9092 (id: 2147483647 rack: null)
2024-04-17T00:25:44.492-04:00  INFO 21752 --- [ntainer#0-0-C-1] o.a.k.c.c.internals.ConsumerCoordinator  : [Consumer clientId=consumer-orders-group-1, groupId=orders-group] (Re-)joining group
2024-04-17T00:25:44.503-04:00  INFO 21752 --- [ntainer#0-0-C-1] o.a.k.c.c.internals.ConsumerCoordinator  : [Consumer clientId=consumer-orders-group-1, groupId=orders-group] Request joining group due to: need to re-join with the given member-id: consumer-orders-group-1-5b0d4a03-6e84-4566-ad27-4bfd4cc54708
2024-04-17T00:25:44.504-04:00  INFO 21752 --- [ntainer#0-0-C-1] o.a.k.c.c.internals.ConsumerCoordinator  : [Consumer clientId=consumer-orders-group-1, groupId=orders-group] Request joining group due to: rebalance failed due to 'The group member needs to have a valid member id before actually entering a consumer group.' (MemberIdRequiredException)
2024-04-17T00:25:44.504-04:00  INFO 21752 --- [ntainer#0-0-C-1] o.a.k.c.c.internals.ConsumerCoordinator  : [Consumer clientId=consumer-orders-group-1, groupId=orders-group] (Re-)joining group
2024-04-17T00:25:44.513-04:00  INFO 21752 --- [ntainer#0-0-C-1] o.a.k.c.c.internals.ConsumerCoordinator  : [Consumer clientId=consumer-orders-group-1, groupId=orders-group] Successfully joined group with generation Generation{generationId=61, memberId='consumer-orders-group-1-5b0d4a03-6e84-4566-ad27-4bfd4cc54708', protocol='range'}
2024-04-17T00:25:44.517-04:00  INFO 21752 --- [ntainer#0-0-C-1] o.a.k.c.c.internals.ConsumerCoordinator  : [Consumer clientId=consumer-orders-group-1, groupId=orders-group] Finished assignment for group at generation 61: {consumer-orders-group-1-5b0d4a03-6e84-4566-ad27-4bfd4cc54708=Assignment(partitions=[reversed-orders-0])}
2024-04-17T00:25:44.534-04:00  INFO 21752 --- [ntainer#0-0-C-1] o.a.k.c.c.internals.ConsumerCoordinator  : [Consumer clientId=consumer-orders-group-1, groupId=orders-group] Successfully synced group in generation Generation{generationId=61, memberId='consumer-orders-group-1-5b0d4a03-6e84-4566-ad27-4bfd4cc54708', protocol='range'}
2024-04-17T00:25:44.535-04:00  INFO 21752 --- [ntainer#0-0-C-1] o.a.k.c.c.internals.ConsumerCoordinator  : [Consumer clientId=consumer-orders-group-1, groupId=orders-group] Notifying assignor about the new Assignment(partitions=[reversed-orders-0])
2024-04-17T00:25:44.537-04:00  INFO 21752 --- [ntainer#0-0-C-1] o.a.k.c.c.internals.ConsumerCoordinator  : [Consumer clientId=consumer-orders-group-1, groupId=orders-group] Adding newly assigned partitions: reversed-orders-0
2024-04-17T00:25:44.549-04:00  INFO 21752 --- [ntainer#0-0-C-1] o.a.k.c.c.internals.ConsumerCoordinator  : [Consumer clientId=consumer-orders-group-1, groupId=orders-group] Setting offset for partition reversed-orders-0 to the committed offset FetchPosition{offset=1, offsetEpoch=Optional.empty, currentLeader=LeaderAndEpoch{leader=Optional[bhardwaja.attlocal.net:9092 (id: 0 rack: null)], epoch=0}}
2024-04-17T00:25:44.550-04:00  INFO 21752 --- [ntainer#0-0-C-1] o.s.k.l.KafkaMessageListenerContainer    : orders-group: partitions assigned: [reversed-orders-0]
]]></system-out>
  </testcase>
</testsuite>